{"level":"error","message":"Something failed during startup Something failed during startup","stack":"Error: Something failed during startup\n    at Object.<anonymous> (/Users/nickdanielpenaloza/Desktop/repos/practice/video/index.js:31:7)\n    at Module._compile (node:internal/modules/cjs/loader:1102:14)\n    at Object.Module._extensions..js (node:internal/modules/cjs/loader:1131:10)\n    at Module.load (node:internal/modules/cjs/loader:967:32)\n    at Function.Module._load (node:internal/modules/cjs/loader:807:14)\n    at Function.executeUserEntryPoint [as runMain] (node:internal/modules/run_main:76:12)\n    at node:internal/main/run_main_module:17:47"}
{"level":"info","message":"Connected to MongoDB"}
{"level":"info","message":"Connected to MongoDB"}
{"level":"info","message":"Connected to MongoDB"}
{"level":"info","message":"Connected to MongoDB"}
{"level":"info","message":"Connected to MongoDB"}
{"level":"info","message":"Connected to MongoDB"}
{"level":"info","message":"Connected to MongoDB"}
{"level":"info","message":"Connected to MongoDB"}
{"level":"info","message":"Connected to MongoDB"}
{"level":"info","message":"Connected to MongoDB"}
{"level":"info","message":"Connected to MongoDB"}
{"level":"info","message":"Connected to MongoDB"}
{"level":"info","message":"Connected to MongoDB"}
{"level":"info","message":"Connected to MongoDB"}
{"level":"info","message":"Connected to MongoDB"}
{"level":"info","message":"Connected to MongoDB"}
{"level":"info","message":"Connected to MongoDB"}
{"level":"info","message":"Listening to PORT: 3000"}
{"level":"info","message":"Connected to MongoDB"}
{"level":"info","message":"Listening to PORT: 3000"}
{"level":"info","message":"Connected to MongoDB"}
{"level":"info","message":"Connected to MongoDB"}
{"level":"info","message":"Connected to MongoDB"}
{"level":"info","message":"Connected to MongoDB"}
{"level":"info","message":"Connected to MongoDB"}
{"level":"info","message":"Connected to MongoDB"}
{"level":"info","message":"Connected to MongoDB"}
{"level":"info","message":"Connected to mongodb://localhost/video"}
{"level":"info","message":"Connected to mongodb://localhost/video_test"}
{"level":"info","message":"Connected to mongodb://localhost/video"}
{"level":"info","message":"Connected to mongodb://localhost/video_test"}
{"level":"info","message":"Connected to mongodb://localhost/video_test"}
{"level":"info","message":"Connected to mongodb://localhost/video_test"}
{"level":"info","message":"Connected to mongodb://localhost/video_test"}
{"level":"info","message":"Connected to mongodb://localhost/video_test"}
{"level":"info","message":"Connected to mongodb://localhost/video_test"}
{"level":"info","message":"Connected to mongodb://localhost/video_test"}
{"level":"info","message":"Connected to mongodb://localhost/video_test"}
{"level":"info","message":"Connected to mongodb://localhost/video_test"}
{"level":"info","message":"Connected to mongodb://localhost/video_test"}
{"level":"info","message":"Connected to mongodb://localhost/video_test"}
{"level":"info","message":"Connected to mongodb://localhost/video_test"}
{"level":"info","message":"Connected to mongodb://localhost/video_test"}
{"level":"info","message":"Connected to mongodb://localhost/video_test"}
{"level":"info","message":"Connected to mongodb://localhost/video_test"}
{"level":"info","message":"Connected to mongodb://localhost/video_test"}
{"level":"info","message":"Connected to mongodb://localhost/video_test"}
{"level":"info","message":"Connected to mongodb://localhost/video_test"}
{"level":"info","message":"Connected to mongodb://localhost/video_test"}
{"level":"info","message":"Connected to mongodb://localhost/video_test"}
{"level":"info","message":"Connected to mongodb://localhost/video_test"}
{"level":"info","message":"Connected to mongodb://localhost/video_test"}
{"level":"info","message":"Connected to mongodb://localhost/video_test"}
{"level":"info","message":"Connected to mongodb://localhost/video_test"}
{"level":"info","message":"Connected to mongodb://localhost/video_test"}
{"level":"info","message":"Connected to mongodb://localhost/video_test"}
{"level":"info","message":"Connected to mongodb://localhost/video_test"}
{"level":"info","message":"Connected to mongodb://localhost/video_test"}
{"level":"info","message":"Connected to mongodb://localhost/video_test"}
{"level":"info","message":"Connected to mongodb://localhost/video_test"}
{"level":"info","message":"Connected to mongodb://localhost/video"}
{"level":"info","message":"Connected to mongodb://localhost/video"}
{"level":"info","message":"Connected to mongodb://localhost/video_test"}
{"level":"info","message":"Connected to mongodb://localhost/video"}
{"level":"info","message":"Connected to mongodb://localhost/video_test"}
{"level":"info","message":"Connected to mongodb://localhost/video_test"}
{"level":"info","message":"Connected to mongodb://localhost/video_test"}
{"level":"info","message":"Connected to mongodb://localhost/video_test"}
{"level":"info","message":"Connected to mongodb://localhost/video_test"}
{"level":"info","message":"Connected to mongodb://localhost/video_test"}
{"level":"info","message":"Connected to mongodb://localhost/video_test"}
{"level":"info","message":"Connected to mongodb://localhost/video_test"}
{"level":"info","message":"Connected to mongodb://localhost/video_test"}
{"level":"info","message":"Connected to mongodb://localhost/video_test"}
{"level":"info","message":"Connected to mongodb://localhost/video_test"}
{"level":"info","message":"Connected to mongodb://localhost/video_test"}
{"level":"info","message":"Connected to mongodb://localhost/video_test"}
{"level":"info","message":"Connected to mongodb://localhost/video_test"}
{"level":"info","message":"Connected to mongodb://localhost/video_test"}
{"level":"info","message":"Connected to mongodb://localhost/video_test"}
{"level":"info","message":"Connected to mongodb://localhost/video_test"}
{"level":"info","message":"Connected to mongodb://localhost/video_test"}
